Registering Yampa-0.10.4...
s\Tschaka\Desktop\GdI Projekt SS16 - FRP Spiele
Programmierung\VectorThrust\.cabal-sandbox\x86_64-windows-ghc-7.10.2\Yampa-0.10.4-8waonCVzgBVAU06Otj5oJg
\Yampa\MergeableRecord.o )
[ 2 of 30] Compiling FRP.Yampa.Forceable ( src\FRP\Yampa\Forceable.hs, dist\dist-sandbox-4d30f155\build\FRP\Yampa\Forceable.o )
[ 3 of 30] Compiling FRP.Yampa.Diagnostics ( src\FRP\Yampa\Diagnostics.hs, dist\dist-sandbox-4d30f155\build\FRP\Yampa\Diagnostics.o )
[ 4 of 30] Compiling FRP.Yampa.Miscellany ( src\FRP\Yampa\Miscellany.hs, dist\dist-sandbox-4d30f155\build\FRP\Yampa\Miscellany.o )
[ 5 of 30] Compiling FRP.Yampa.Event  ( src\FRP\Yampa\Event.hs, dist\dist-sandbox-4d30f155\build\FRP\Yampa\Event.o )

src\FRP\Yampa\Event.hs:83:1: Warning:
    The import of `Data.Functor' is redundant
      except perhaps to import instances from `Data.Functor'
    To import instances alone, use: import Data.Functor()

src\FRP\Yampa\Event.hs:86:1: Warning:
    Module `FRP.Yampa.Forceable' is deprecated: Use DeepSeq instead

src\FRP\Yampa\Event.hs:185:10: Warning:
    In the use of type constructor or class `Forceable'
    (imported from FRP.Yampa.Forceable):
    Deprecated: "Use DeepSeq instead"

src\FRP\Yampa\Event.hs:185:25: Warning:
    In the use of type constructor or class `Forceable'
    (imported from FRP.Yampa.Forceable):
    Deprecated: "Use DeepSeq instead"

src\FRP\Yampa\Event.hs:185:25: Warning:
    In the use of type constructor or class `Forceable'
    (imported from FRP.Yampa.Forceable):
    Deprecated: "Use DeepSeq instead"

src\FRP\Yampa\Event.hs:188:26: Warning:
    In the use of `force' (imported from FRP.Yampa.Forceable):
    Deprecated: "Use DeepSeq instead"
[ 6 of 30] Compiling FRP.Yampa.Internals ( src\FRP\Yampa\Internals.hs, dist\dist-sandbox-4d30f155\build\FRP\Yampa\Internals.o )
[ 7 of 30] Compiling FRP.Yampa.InternalCore ( src\FRP\Yampa\InternalCore.hs, dist\dist-sandbox-4d30f155\build\FRP\Yampa\InternalCore.o )
[ 8 of 30] Compiling FRP.Yampa.Basic  ( src\FRP\Yampa\Basic.hs, dist\dist-sandbox-4d30f155\build\FRP\Yampa\Basic.o )
[ 9 of 30] Compiling FRP.Yampa.Random ( src\FRP\Yampa\Random.hs, dist\dist-sandbox-4d30f155\build\FRP\Yampa\Random.o )
[10 of 30] Compiling FRP.Yampa.Scan   ( src\FRP\Yampa\Scan.hs, dist\dist-sandbox-4d30f155\build\FRP\Yampa\Scan.o )
[11 of 30] Compiling FRP.Yampa.Delays ( src\FRP\Yampa\Delays.hs, dist\dist-sandbox-4d30f155\build\FRP\Yampa\Delays.o )

src\FRP\Yampa\Delays.hs:31:1: Warning:
    The import of Transition, sfTF'
    from module `FRP.Yampa.InternalCore' is redundant
[12 of 30] Compiling FRP.Yampa.Hybrid ( src\FRP\Yampa\Hybrid.hs, dist\dist-sandbox-4d30f155\build\FRP\Yampa\Hybrid.o )
[13 of 30] Compiling FRP.Yampa.Simulation ( src\FRP\Yampa\Simulation.hs, dist\dist-sandbox-4d30f155\build\FRP\Yampa\Simulation.o )
[14 of 30] Compiling FRP.Yampa.Switches ( src\FRP\Yampa\Switches.hs, dist\dist-sandbox-4d30f155\build\FRP\Yampa\Switches.o )
[15 of 30] Compiling FRP.Yampa.EventS ( src\FRP\Yampa\EventS.hs, dist\dist-sandbox-4d30f155\build\FRP\Yampa\EventS.o )
[16 of 30] Compiling FRP.Yampa.Conditional ( src\FRP\Yampa\Conditional.hs, dist\dist-sandbox-4d30f155\build\FRP\Yampa\Conditional.o )
[17 of 30] Compiling FRP.Yampa.VectorSpace ( src\FRP\Yampa\VectorSpace.hs, dist\dist-sandbox-4d30f155\build\FRP\Yampa\VectorSpace.o )
[18 of 30] Compiling FRP.Yampa.Integration ( src\FRP\Yampa\Integration.hs, dist\dist-sandbox-4d30f155\build\FRP\Yampa\Integration.o )
[19 of 30] Compiling FRP.Yampa.Time   ( src\FRP\Yampa\Time.hs, dist\dist-sandbox-4d30f155\build\FRP\Yampa\Time.o )
[20 of 30] Compiling FRP.Yampa.Loop   ( src\FRP\Yampa\Loop.hs, dist\dist-sandbox-4d30f155\build\FRP\Yampa\Loop.o )
[21 of 30] Compiling FRP.Yampa.AffineSpace ( src\FRP\Yampa\AffineSpace.hs, dist\dist-sandbox-4d30f155\build\FRP\Yampa\AffineSpace.o )
[22 of 30] Compiling FRP.Yampa.Vector2 ( src\FRP\Yampa\Vector2.hs, dist\dist-sandbox-4d30f155\build\FRP\Yampa\Vector2.o )

src\FRP\Yampa\Vector2.hs:31:1: Warning:
    Module `FRP.Yampa.Forceable' is deprecated: Use DeepSeq instead

src\FRP\Yampa\Vector2.hs:101:25: Warning:
    In the use of type constructor or class `Forceable'
    (imported from FRP.Yampa.Forceable):
    Deprecated: "Use DeepSeq instead"

src\FRP\Yampa\Vector2.hs:101:25: Warning:
    In the use of type constructor or class `Forceable'
    (imported from FRP.Yampa.Forceable):
    Deprecated: "Use DeepSeq instead"
[23 of 30] Compiling FRP.Yampa.Vector3 ( src\FRP\Yampa\Vector3.hs, dist\dist-sandbox-4d30f155\build\FRP\Yampa\Vector3.o )

src\FRP\Yampa\Vector3.hs:33:1: Warning:
    Module `FRP.Yampa.Forceable' is deprecated: Use DeepSeq instead

src\FRP\Yampa\Vector3.hs:119:25: Warning:
    In the use of type constructor or class `Forceable'
    (imported from FRP.Yampa.Forceable):
    Deprecated: "Use DeepSeq instead"

src\FRP\Yampa\Vector3.hs:119:25: Warning:
    In the use of type constructor or class `Forceable'
    (imported from FRP.Yampa.Forceable):
    Deprecated: "Use DeepSeq instead"
[24 of 30] Compiling FRP.Yampa.Point2 ( src\FRP\Yampa\Point2.hs, dist\dist-sandbox-4d30f155\build\FRP\Yampa\Point2.o )

src\FRP\Yampa\Point2.hs:30:1: Warning:
    Module `FRP.Yampa.Forceable' is deprecated: Use DeepSeq instead

src\FRP\Yampa\Point2.hs:63:25: Warning:
    In the use of type constructor or class `Forceable'
    (imported from FRP.Yampa.Forceable):
    Deprecated: "Use DeepSeq instead"

src\FRP\Yampa\Point2.hs:63:25: Warning:
    In the use of type constructor or class `Forceable'
    (imported from FRP.Yampa.Forceable):
    Deprecated: "Use DeepSeq instead"
[25 of 30] Compiling FRP.Yampa.Point3 ( src\FRP\Yampa\Point3.hs, dist\dist-sandbox-4d30f155\build\FRP\Yampa\Point3.o )

src\FRP\Yampa\Point3.hs:29:1: Warning:
    Module `FRP.Yampa.Forceable' is deprecated: Use DeepSeq instead

src\FRP\Yampa\Point3.hs:68:25: Warning:
    In the use of type constructor or class `Forceable'
    (imported from FRP.Yampa.Forceable):
    Deprecated: "Use DeepSeq instead"

src\FRP\Yampa\Point3.hs:68:25: Warning:
    In the use of type constructor or class `Forceable'
    (imported from FRP.Yampa.Forceable):
    Deprecated: "Use DeepSeq instead"
[26 of 30] Compiling FRP.Yampa.Geometry ( src\FRP\Yampa\Geometry.hs, dist\dist-sandbox-4d30f155\build\FRP\Yampa\Geometry.o )
[27 of 30] Compiling FRP.Yampa        ( src\FRP\Yampa.hs, dist\dist-sandbox-4d30f155\build\FRP\Yampa.o )
[28 of 30] Compiling FRP.Yampa.Task   ( src\FRP\Yampa\Task.hs, dist\dist-sandbox-4d30f155\build\FRP\Yampa\Task.o )
[29 of 30] Compiling FRP.Yampa.Core   ( src\FRP\Yampa\Core.hs, dist\dist-sandbox-4d30f155\build\FRP\Yampa\Core.o )
[30 of 30] Compiling FRP.Yampa.Utilities ( src\FRP\Yampa\Utilities.hs, dist\dist-sandbox-4d30f155\build\FRP\Yampa\Utilities.o )
ghc.exe: warning: _tzset from msvcrt is linked instead of __imp__tzset
In-place registering Yampa-0.10.4...
